<?xml version="1.0" encoding="UTF-8"?>
<!-- Generated by org.testng.reporters.JUnitReportReporter -->
<testsuite hostname="DESKTOP-OG1P3UF" name="mavenTestNG.TestCasePracticeTest_2" tests="3" failures="0" timestamp="18 Jul 2022 10:28:40 GMT" time="0.027" errors="0">
  <testcase name="mavenTest5" time="0.002" classname="mavenTestNG.TestCasePracticeTest_2"/>
  <testcase name="mavenTest6" time="0.001" classname="mavenTestNG.TestCasePracticeTest_2"/>
  <testcase name="mavenTest4" time="0.024" classname="mavenTestNG.TestCasePracticeTest_2"/>
</testsuite> <!-- mavenTestNG.TestCasePracticeTest_2 -->
