<?xml version="1.0" encoding="UTF-8"?>
<!-- Generated by org.testng.reporters.JUnitReportReporter -->
<testsuite hostname="DESKTOP-OG1P3UF" failures="0" tests="3" name="mavenTestNG.TestCasePracticeTest_2" time="0.026" errors="0" timestamp="18 Jul 2022 11:10:23 GMT">
  <testcase classname="mavenTestNG.TestCasePracticeTest_2" name="mavenTest6" time="0.003"/>
  <testcase classname="mavenTestNG.TestCasePracticeTest_2" name="mavenTest4" time="0.002"/>
  <testcase classname="mavenTestNG.TestCasePracticeTest_2" name="mavenTest5" time="0.021"/>
</testsuite> <!-- mavenTestNG.TestCasePracticeTest_2 -->
