<?xml version="1.0" encoding="UTF-8"?>
<!-- Generated by org.testng.reporters.JUnitReportReporter -->
<testsuite hostname="DESKTOP-OG1P3UF" failures="0" tests="3" name="mavenTestNG.TestCasePractice" time="0.043" errors="0" timestamp="18 Jul 2022 10:07:42 GMT">
  <testcase classname="mavenTestNG.TestCasePractice" name="test3" time="0.002"/>
  <testcase classname="mavenTestNG.TestCasePractice" name="test2" time="0.007"/>
  <testcase classname="mavenTestNG.TestCasePractice" name="test1" time="0.034"/>
</testsuite> <!-- mavenTestNG.TestCasePractice -->
