<?xml version="1.0" encoding="UTF-8"?>
<!-- Generated by org.testng.reporters.JUnitReportReporter -->
<testsuite hostname="DESKTOP-OG1P3UF" failures="0" tests="3" name="mavenTestNG.TestCasePracticeTest_1" time="0.028" errors="0" timestamp="18 Jul 2022 11:07:24 GMT">
  <testcase classname="mavenTestNG.TestCasePracticeTest_1" name="test1" time="0.003"/>
  <testcase classname="mavenTestNG.TestCasePracticeTest_1" name="test3" time="0.003"/>
  <testcase classname="mavenTestNG.TestCasePracticeTest_1" name="test2" time="0.022"/>
</testsuite> <!-- mavenTestNG.TestCasePracticeTest_1 -->
